2024-08-07 10:46:44,784 INFO [MorningStar] [my_client.py (operation:92] -- Finish...
2024-08-07 10:47:03,106 INFO [MorningStar] [my_client.py (operation:95] -- reading img of ../data/pedestrian_0.jpg
2024-08-07 10:47:03,106 INFO [MorningStar] [my_client.py (client:39] -- Sending img ...
2024-08-07 10:47:03,108 INFO [MorningStar] [my_client.py (client:44] -- Sending img done ...
2024-08-07 10:47:04,614 INFO [MorningStar] [my_client.py (start_listen:65] -- Getting result img_pedestrian_0.jpg...
2024-08-07 10:47:04,619 INFO [MorningStar] [my_client.py (operation:103] -- Continue...
2024-08-07 10:47:04,620 INFO [MorningStar] [my_client.py (operation:95] -- reading img of ../data/pedestrian_1.jpg
2024-08-07 10:47:04,621 INFO [MorningStar] [my_client.py (client:39] -- Sending img ...
2024-08-07 10:47:04,622 INFO [MorningStar] [my_client.py (client:44] -- Sending img done ...
2024-08-07 10:47:04,684 INFO [MorningStar] [my_client.py (start_listen:65] -- Getting result img_pedestrian_1.jpg...
2024-08-07 10:47:04,686 INFO [MorningStar] [my_client.py (operation:103] -- Continue...
2024-08-07 10:47:04,687 INFO [MorningStar] [my_client.py (operation:95] -- reading img of ../data/pedestrian_2.jpg
2024-08-07 10:47:04,688 INFO [MorningStar] [my_client.py (client:39] -- Sending img ...
2024-08-07 10:47:04,688 INFO [MorningStar] [my_client.py (client:44] -- Sending img done ...
2024-08-07 10:47:04,751 INFO [MorningStar] [my_client.py (start_listen:65] -- Getting result img_pedestrian_2.jpg...
2024-08-07 10:47:04,754 INFO [MorningStar] [my_client.py (operation:103] -- Continue...
2024-08-07 10:47:04,756 INFO [MorningStar] [my_client.py (operation:95] -- reading img of ../data/pedestrian_3.jpg
2024-08-07 10:47:04,758 INFO [MorningStar] [my_client.py (client:39] -- Sending img ...
2024-08-07 10:47:04,758 INFO [MorningStar] [my_client.py (client:44] -- Sending img done ...
2024-08-07 10:47:04,855 INFO [MorningStar] [my_client.py (start_listen:65] -- Getting result img_pedestrian_3.jpg...
2024-08-07 10:47:04,861 INFO [MorningStar] [my_client.py (operation:103] -- Continue...
2024-08-07 10:47:04,863 INFO [MorningStar] [my_client.py (operation:95] -- reading img of ../data/pedestrian_4.jpg
2024-08-07 10:47:04,864 INFO [MorningStar] [my_client.py (client:39] -- Sending img ...
2024-08-07 10:47:04,865 INFO [MorningStar] [my_client.py (client:44] -- Sending img done ...
2024-08-07 10:47:04,958 INFO [MorningStar] [my_client.py (start_listen:65] -- Getting result img_pedestrian_4.jpg...
2024-08-07 10:47:04,970 INFO [MorningStar] [my_client.py (operation:103] -- Continue...
2024-08-07 10:47:05,203 INFO [MorningStar] [my_client.py (operation:95] -- reading img of ../data/pedestrian_5.jpg
2024-08-07 10:47:05,207 INFO [MorningStar] [my_client.py (client:39] -- Sending img ...
2024-08-07 10:47:05,207 INFO [MorningStar] [my_client.py (client:44] -- Sending img done ...
2024-08-07 10:47:05,304 INFO [MorningStar] [my_client.py (start_listen:65] -- Getting result img_pedestrian_5.jpg...
2024-08-07 10:47:05,310 INFO [MorningStar] [my_client.py (operation:103] -- Continue...
2024-08-07 10:47:05,600 INFO [MorningStar] [my_client.py (operation:95] -- reading img of ../data/pedestrian_6.jpg
2024-08-07 10:47:05,604 INFO [MorningStar] [my_client.py (client:39] -- Sending img ...
2024-08-07 10:47:05,604 INFO [MorningStar] [my_client.py (client:44] -- Sending img done ...
2024-08-07 10:47:05,694 INFO [MorningStar] [my_client.py (start_listen:65] -- Getting result img_pedestrian_6.jpg...
2024-08-07 10:47:05,700 INFO [MorningStar] [my_client.py (operation:103] -- Continue...
2024-08-07 10:47:05,989 INFO [MorningStar] [my_client.py (operation:95] -- reading img of ../data/pedestrian_7.jpg
2024-08-07 10:47:05,996 INFO [MorningStar] [my_client.py (client:39] -- Sending img ...
2024-08-07 10:47:05,997 INFO [MorningStar] [my_client.py (client:44] -- Sending img done ...
2024-08-07 10:47:06,110 INFO [MorningStar] [my_client.py (start_listen:65] -- Getting result img_pedestrian_7.jpg...
2024-08-07 10:47:06,116 INFO [MorningStar] [my_client.py (operation:103] -- Continue...
2024-08-07 10:47:06,378 INFO [MorningStar] [my_client.py (operation:95] -- reading img of ../data/pedestrian_8.jpg
2024-08-07 10:47:06,385 INFO [MorningStar] [my_client.py (client:39] -- Sending img ...
2024-08-07 10:47:06,386 INFO [MorningStar] [my_client.py (client:44] -- Sending img done ...
2024-08-07 10:47:40,308 INFO [MorningStar] [my_client.py (operation:95] -- reading img of ../data/pedestrian_0.jpg
2024-08-07 10:47:40,313 INFO [MorningStar] [my_client.py (client:39] -- Sending img ...
2024-08-07 10:47:40,315 INFO [MorningStar] [my_client.py (client:44] -- Sending img done ...
2024-08-07 10:47:40,696 INFO [MorningStar] [my_client.py (start_listen:65] -- Getting result img_pedestrian_0.jpg...
2024-08-07 10:47:41,210 INFO [MorningStar] [my_client.py (operation:103] -- Continue...
2024-08-07 10:47:41,212 INFO [MorningStar] [my_client.py (operation:95] -- reading img of ../data/pedestrian_1.jpg
2024-08-07 10:47:41,214 INFO [MorningStar] [my_client.py (client:39] -- Sending img ...
2024-08-07 10:47:41,215 INFO [MorningStar] [my_client.py (client:44] -- Sending img done ...
2024-08-07 10:47:41,295 INFO [MorningStar] [my_client.py (start_listen:65] -- Getting result img_pedestrian_1.jpg...
2024-08-07 10:47:41,298 INFO [MorningStar] [my_client.py (operation:103] -- Continue...
2024-08-07 10:47:41,299 INFO [MorningStar] [my_client.py (operation:95] -- reading img of ../data/pedestrian_2.jpg
2024-08-07 10:47:41,300 INFO [MorningStar] [my_client.py (client:39] -- Sending img ...
2024-08-07 10:47:41,300 INFO [MorningStar] [my_client.py (client:44] -- Sending img done ...
2024-08-07 10:47:41,363 INFO [MorningStar] [my_client.py (start_listen:65] -- Getting result img_pedestrian_2.jpg...
2024-08-07 10:47:41,368 INFO [MorningStar] [my_client.py (operation:103] -- Continue...
2024-08-07 10:47:41,371 INFO [MorningStar] [my_client.py (operation:95] -- reading img of ../data/pedestrian_3.jpg
2024-08-07 10:47:41,376 INFO [MorningStar] [my_client.py (client:39] -- Sending img ...
2024-08-07 10:47:41,377 INFO [MorningStar] [my_client.py (client:44] -- Sending img done ...
2024-08-07 10:47:41,472 INFO [MorningStar] [my_client.py (start_listen:65] -- Getting result img_pedestrian_3.jpg...
2024-08-07 10:47:41,478 INFO [MorningStar] [my_client.py (operation:103] -- Continue...
2024-08-07 10:47:41,479 INFO [MorningStar] [my_client.py (operation:95] -- reading img of ../data/pedestrian_4.jpg
2024-08-07 10:47:41,481 INFO [MorningStar] [my_client.py (client:39] -- Sending img ...
2024-08-07 10:47:41,482 INFO [MorningStar] [my_client.py (client:44] -- Sending img done ...
2024-08-07 10:47:41,571 INFO [MorningStar] [my_client.py (start_listen:65] -- Getting result img_pedestrian_4.jpg...
2024-08-07 10:47:41,577 INFO [MorningStar] [my_client.py (operation:103] -- Continue...
2024-08-07 10:47:41,578 INFO [MorningStar] [my_client.py (operation:95] -- reading img of ../data/pedestrian_5.jpg
2024-08-07 10:47:41,580 INFO [MorningStar] [my_client.py (client:39] -- Sending img ...
2024-08-07 10:47:41,581 INFO [MorningStar] [my_client.py (client:44] -- Sending img done ...
2024-08-07 10:47:41,676 INFO [MorningStar] [my_client.py (start_listen:65] -- Getting result img_pedestrian_5.jpg...
2024-08-07 10:47:41,681 INFO [MorningStar] [my_client.py (operation:103] -- Continue...
2024-08-07 10:47:41,683 INFO [MorningStar] [my_client.py (operation:95] -- reading img of ../data/pedestrian_6.jpg
2024-08-07 10:47:41,685 INFO [MorningStar] [my_client.py (client:39] -- Sending img ...
2024-08-07 10:47:41,686 INFO [MorningStar] [my_client.py (client:44] -- Sending img done ...
2024-08-07 10:47:41,777 INFO [MorningStar] [my_client.py (start_listen:65] -- Getting result img_pedestrian_6.jpg...
2024-08-07 10:47:41,789 INFO [MorningStar] [my_client.py (operation:103] -- Continue...
2024-08-07 10:47:41,790 INFO [MorningStar] [my_client.py (operation:95] -- reading img of ../data/pedestrian_7.jpg
2024-08-07 10:47:41,792 INFO [MorningStar] [my_client.py (client:39] -- Sending img ...
2024-08-07 10:47:41,793 INFO [MorningStar] [my_client.py (client:44] -- Sending img done ...
2024-08-07 10:47:41,880 INFO [MorningStar] [my_client.py (start_listen:65] -- Getting result img_pedestrian_7.jpg...
2024-08-07 10:47:41,886 INFO [MorningStar] [my_client.py (operation:103] -- Continue...
2024-08-07 10:47:41,887 INFO [MorningStar] [my_client.py (operation:95] -- reading img of ../data/pedestrian_8.jpg
2024-08-07 10:47:41,890 INFO [MorningStar] [my_client.py (client:39] -- Sending img ...
2024-08-07 10:47:41,890 INFO [MorningStar] [my_client.py (client:44] -- Sending img done ...
2024-08-07 10:47:41,981 INFO [MorningStar] [my_client.py (start_listen:65] -- Getting result img_pedestrian_8.jpg...
2024-08-07 10:47:42,006 INFO [MorningStar] [my_client.py (operation:103] -- Continue...
2024-08-07 10:47:42,008 INFO [MorningStar] [my_client.py (operation:95] -- reading img of ../data/pedestrian_9.jpg
2024-08-07 10:47:42,009 INFO [MorningStar] [my_client.py (client:39] -- Sending img ...
2024-08-07 10:47:42,010 INFO [MorningStar] [my_client.py (client:44] -- Sending img done ...
2024-08-07 10:47:42,096 INFO [MorningStar] [my_client.py (start_listen:65] -- Getting result img_pedestrian_9.jpg...
2024-08-07 10:47:42,101 INFO [MorningStar] [my_client.py (operation:103] -- Continue...
2024-08-07 10:47:42,102 INFO [MorningStar] [my_client.py (operation:95] -- reading img of ../data/pedestrian_10.jpg
2024-08-07 10:47:42,104 INFO [MorningStar] [my_client.py (client:39] -- Sending img ...
2024-08-07 10:47:42,104 INFO [MorningStar] [my_client.py (client:44] -- Sending img done ...
2024-08-07 10:47:42,180 INFO [MorningStar] [my_client.py (start_listen:65] -- Getting result img_pedestrian_10.jpg...
2024-08-07 10:47:42,184 INFO [MorningStar] [my_client.py (operation:103] -- Continue...
2024-08-07 10:47:42,197 INFO [MorningStar] [my_client.py (operation:95] -- reading img of ../data/pedestrian_11.jpg
2024-08-07 10:47:42,203 INFO [MorningStar] [my_client.py (client:39] -- Sending img ...
2024-08-07 10:47:42,204 INFO [MorningStar] [my_client.py (client:44] -- Sending img done ...
2024-08-07 10:47:42,274 INFO [MorningStar] [my_client.py (start_listen:65] -- Getting result img_pedestrian_11.jpg...
2024-08-07 10:47:42,278 INFO [MorningStar] [my_client.py (operation:103] -- Continue...
2024-08-07 10:47:42,613 INFO [MorningStar] [my_client.py (operation:95] -- reading img of ../data/pedestrian_12.jpg
2024-08-07 10:47:42,626 INFO [MorningStar] [my_client.py (client:39] -- Sending img ...
2024-08-07 10:47:42,628 INFO [MorningStar] [my_client.py (client:44] -- Sending img done ...
2024-08-07 10:47:42,726 INFO [MorningStar] [my_client.py (start_listen:65] -- Getting result img_pedestrian_12.jpg...
2024-08-07 10:47:42,741 INFO [MorningStar] [my_client.py (operation:103] -- Continue...
2024-08-07 10:47:43,038 INFO [MorningStar] [my_client.py (operation:95] -- reading img of ../data/pedestrian_13.jpg
2024-08-07 10:47:43,049 INFO [MorningStar] [my_client.py (client:39] -- Sending img ...
2024-08-07 10:47:43,050 INFO [MorningStar] [my_client.py (client:44] -- Sending img done ...
2024-08-07 10:47:43,186 INFO [MorningStar] [my_client.py (start_listen:65] -- Getting result img_pedestrian_13.jpg...
2024-08-07 10:47:43,191 INFO [MorningStar] [my_client.py (operation:103] -- Continue...
2024-08-07 10:47:43,474 INFO [MorningStar] [my_client.py (operation:95] -- reading img of ../data/pedestrian_14.jpg
2024-08-07 10:47:43,480 INFO [MorningStar] [my_client.py (client:39] -- Sending img ...
2024-08-07 10:47:43,480 INFO [MorningStar] [my_client.py (client:44] -- Sending img done ...
2024-08-07 10:47:43,588 INFO [MorningStar] [my_client.py (start_listen:65] -- Getting result img_pedestrian_14.jpg...
2024-08-07 10:47:43,594 INFO [MorningStar] [my_client.py (operation:103] -- Continue...
2024-08-07 10:47:43,908 INFO [MorningStar] [my_client.py (operation:95] -- reading img of ../data/pedestrian_15.jpg
2024-08-07 10:47:43,919 INFO [MorningStar] [my_client.py (client:39] -- Sending img ...
2024-08-07 10:47:43,921 INFO [MorningStar] [my_client.py (client:44] -- Sending img done ...
2024-08-07 10:47:44,060 INFO [MorningStar] [my_client.py (start_listen:65] -- Getting result img_pedestrian_15.jpg...
2024-08-07 10:47:44,067 INFO [MorningStar] [my_client.py (operation:103] -- Continue...
2024-08-07 10:47:44,809 INFO [MorningStar] [my_client.py (operation:95] -- reading img of ../data/pedestrian_16.jpg
2024-08-07 10:47:44,823 INFO [MorningStar] [my_client.py (client:39] -- Sending img ...
2024-08-07 10:47:44,825 INFO [MorningStar] [my_client.py (client:44] -- Sending img done ...
2024-08-07 10:47:44,970 INFO [MorningStar] [my_client.py (start_listen:65] -- Getting result img_pedestrian_16.jpg...
2024-08-07 10:47:44,978 INFO [MorningStar] [my_client.py (operation:103] -- Continue...
2024-08-07 10:47:45,089 INFO [MorningStar] [my_client.py (operation:95] -- reading img of ../data/pedestrian_17.jpg
2024-08-07 10:47:45,090 INFO [MorningStar] [my_client.py (operation:97] -- Skipping this invalid images
2024-08-07 10:47:45,090 INFO [MorningStar] [my_client.py (operation:98] -- Continue...
2024-08-07 10:47:45,541 INFO [MorningStar] [my_client.py (operation:95] -- reading img of ../data/pedestrian_18.jpg
2024-08-07 10:47:45,547 INFO [MorningStar] [my_client.py (client:39] -- Sending img ...
2024-08-07 10:47:45,547 INFO [MorningStar] [my_client.py (client:44] -- Sending img done ...
2024-08-07 10:47:45,639 INFO [MorningStar] [my_client.py (start_listen:65] -- Getting result img_pedestrian_18.jpg...
2024-08-07 10:47:45,645 INFO [MorningStar] [my_client.py (operation:103] -- Continue...
2024-08-07 10:47:45,952 INFO [MorningStar] [my_client.py (operation:95] -- reading img of ../data/pedestrian_19.jpg
2024-08-07 10:47:45,956 INFO [MorningStar] [my_client.py (client:39] -- Sending img ...
2024-08-07 10:47:45,957 INFO [MorningStar] [my_client.py (client:44] -- Sending img done ...
2024-08-07 10:47:46,063 INFO [MorningStar] [my_client.py (start_listen:65] -- Getting result img_pedestrian_19.jpg...
2024-08-07 10:47:46,071 INFO [MorningStar] [my_client.py (operation:103] -- Continue...
2024-08-07 10:47:46,347 INFO [MorningStar] [my_client.py (operation:95] -- reading img of ../data/pedestrian_20.jpg
2024-08-07 10:47:46,354 INFO [MorningStar] [my_client.py (client:39] -- Sending img ...
2024-08-07 10:47:46,355 INFO [MorningStar] [my_client.py (client:44] -- Sending img done ...
2024-08-07 10:47:46,456 INFO [MorningStar] [my_client.py (start_listen:65] -- Getting result img_pedestrian_20.jpg...
2024-08-07 10:47:46,462 INFO [MorningStar] [my_client.py (operation:103] -- Continue...
2024-08-07 10:47:46,756 INFO [MorningStar] [my_client.py (operation:95] -- reading img of ../data/pedestrian_21.jpg
2024-08-07 10:47:46,761 INFO [MorningStar] [my_client.py (client:39] -- Sending img ...
2024-08-07 10:47:46,763 INFO [MorningStar] [my_client.py (client:44] -- Sending img done ...
2024-08-07 10:47:46,827 INFO [MorningStar] [my_client.py (start_listen:65] -- Getting result img_pedestrian_21.jpg...
2024-08-07 10:47:46,831 INFO [MorningStar] [my_client.py (operation:103] -- Continue...
2024-08-07 10:47:47,190 INFO [MorningStar] [my_client.py (operation:95] -- reading img of ../data/pedestrian_22.jpg
2024-08-07 10:47:47,206 INFO [MorningStar] [my_client.py (client:39] -- Sending img ...
2024-08-07 10:47:47,208 INFO [MorningStar] [my_client.py (client:44] -- Sending img done ...
2024-08-07 10:47:47,317 INFO [MorningStar] [my_client.py (start_listen:65] -- Getting result img_pedestrian_22.jpg...
2024-08-07 10:47:47,320 INFO [MorningStar] [my_client.py (operation:103] -- Continue...
2024-08-07 10:47:47,635 INFO [MorningStar] [my_client.py (operation:95] -- reading img of ../data/pedestrian_23.jpg
2024-08-07 10:47:47,641 INFO [MorningStar] [my_client.py (client:39] -- Sending img ...
2024-08-07 10:47:47,642 INFO [MorningStar] [my_client.py (client:44] -- Sending img done ...
2024-08-07 10:47:47,705 INFO [MorningStar] [my_client.py (start_listen:65] -- Getting result img_pedestrian_23.jpg...
2024-08-07 10:47:47,708 INFO [MorningStar] [my_client.py (operation:103] -- Continue...
2024-08-07 10:47:48,077 INFO [MorningStar] [my_client.py (operation:95] -- reading img of ../data/pedestrian_24.jpg
2024-08-07 10:47:48,090 INFO [MorningStar] [my_client.py (client:39] -- Sending img ...
2024-08-07 10:47:48,092 INFO [MorningStar] [my_client.py (client:44] -- Sending img done ...
2024-08-07 10:47:48,208 INFO [MorningStar] [my_client.py (start_listen:65] -- Getting result img_pedestrian_24.jpg...
2024-08-07 10:47:48,214 INFO [MorningStar] [my_client.py (operation:103] -- Continue...
2024-08-07 10:47:48,504 INFO [MorningStar] [my_client.py (operation:95] -- reading img of ../data/pedestrian_25.jpg
2024-08-07 10:47:48,512 INFO [MorningStar] [my_client.py (client:39] -- Sending img ...
2024-08-07 10:47:48,512 INFO [MorningStar] [my_client.py (client:44] -- Sending img done ...
2024-08-07 10:47:48,613 INFO [MorningStar] [my_client.py (start_listen:65] -- Getting result img_pedestrian_25.jpg...
2024-08-07 10:47:48,620 INFO [MorningStar] [my_client.py (operation:103] -- Continue...
2024-08-07 10:47:48,917 INFO [MorningStar] [my_client.py (operation:95] -- reading img of ../data/pedestrian_26.jpg
2024-08-07 10:47:48,921 INFO [MorningStar] [my_client.py (client:39] -- Sending img ...
2024-08-07 10:47:48,922 INFO [MorningStar] [my_client.py (client:44] -- Sending img done ...
2024-08-07 10:47:49,009 INFO [MorningStar] [my_client.py (start_listen:65] -- Getting result img_pedestrian_26.jpg...
2024-08-07 10:47:49,014 INFO [MorningStar] [my_client.py (operation:103] -- Continue...
2024-08-07 10:47:49,338 INFO [MorningStar] [my_client.py (operation:95] -- reading img of ../data/pedestrian_27.jpg
2024-08-07 10:47:49,344 INFO [MorningStar] [my_client.py (client:39] -- Sending img ...
2024-08-07 10:47:49,345 INFO [MorningStar] [my_client.py (client:44] -- Sending img done ...
2024-08-07 10:47:49,440 INFO [MorningStar] [my_client.py (start_listen:65] -- Getting result img_pedestrian_27.jpg...
2024-08-07 10:47:49,446 INFO [MorningStar] [my_client.py (operation:103] -- Continue...
2024-08-07 10:47:49,747 INFO [MorningStar] [my_client.py (operation:95] -- reading img of ../data/pedestrian_28.jpg
2024-08-07 10:47:49,759 INFO [MorningStar] [my_client.py (client:39] -- Sending img ...
2024-08-07 10:47:49,760 INFO [MorningStar] [my_client.py (client:44] -- Sending img done ...
2024-08-07 10:47:49,886 INFO [MorningStar] [my_client.py (start_listen:65] -- Getting result img_pedestrian_28.jpg...
2024-08-07 10:47:49,890 INFO [MorningStar] [my_client.py (operation:103] -- Continue...
2024-08-07 10:47:50,165 INFO [MorningStar] [my_client.py (operation:95] -- reading img of ../data/pedestrian_29.jpg
2024-08-07 10:47:50,171 INFO [MorningStar] [my_client.py (client:39] -- Sending img ...
2024-08-07 10:47:50,172 INFO [MorningStar] [my_client.py (client:44] -- Sending img done ...
2024-08-07 10:47:50,242 INFO [MorningStar] [my_client.py (start_listen:65] -- Getting result img_pedestrian_29.jpg...
2024-08-07 10:47:50,762 INFO [MorningStar] [my_client.py (operation:103] -- Continue...
2024-08-07 10:47:50,767 INFO [MorningStar] [my_client.py (operation:95] -- reading img of ../data/pedestrian_30.jpg
2024-08-07 10:47:50,773 INFO [MorningStar] [my_client.py (client:39] -- Sending img ...
2024-08-07 10:47:50,774 INFO [MorningStar] [my_client.py (client:44] -- Sending img done ...
2024-08-07 10:47:50,892 INFO [MorningStar] [my_client.py (start_listen:65] -- Getting result img_pedestrian_30.jpg...
2024-08-07 10:47:50,898 INFO [MorningStar] [my_client.py (operation:103] -- Continue...
2024-08-07 10:47:51,038 INFO [MorningStar] [my_client.py (operation:95] -- reading img of ../data/pedestrian_31.jpg
2024-08-07 10:47:51,051 INFO [MorningStar] [my_client.py (client:39] -- Sending img ...
2024-08-07 10:47:51,054 INFO [MorningStar] [my_client.py (client:44] -- Sending img done ...
2024-08-07 10:47:51,160 INFO [MorningStar] [my_client.py (start_listen:65] -- Getting result img_pedestrian_31.jpg...
2024-08-07 10:47:51,165 INFO [MorningStar] [my_client.py (operation:103] -- Continue...
2024-08-07 10:47:51,464 INFO [MorningStar] [my_client.py (operation:95] -- reading img of ../data/pedestrian_32.jpg
2024-08-07 10:47:51,476 INFO [MorningStar] [my_client.py (client:39] -- Sending img ...
2024-08-07 10:47:51,478 INFO [MorningStar] [my_client.py (client:44] -- Sending img done ...
2024-08-07 10:47:51,598 INFO [MorningStar] [my_client.py (start_listen:65] -- Getting result img_pedestrian_32.jpg...
2024-08-07 10:47:51,603 INFO [MorningStar] [my_client.py (operation:103] -- Continue...
2024-08-07 10:47:51,886 INFO [MorningStar] [my_client.py (operation:95] -- reading img of ../data/pedestrian_33.jpg
2024-08-07 10:47:51,899 INFO [MorningStar] [my_client.py (client:39] -- Sending img ...
2024-08-07 10:47:51,900 INFO [MorningStar] [my_client.py (client:44] -- Sending img done ...
2024-08-07 10:47:52,028 INFO [MorningStar] [my_client.py (start_listen:65] -- Getting result img_pedestrian_33.jpg...
2024-08-07 10:47:52,033 INFO [MorningStar] [my_client.py (operation:103] -- Continue...
2024-08-07 10:47:52,280 INFO [MorningStar] [my_client.py (operation:95] -- reading img of ../data/pedestrian_34.jpg
2024-08-07 10:47:52,296 INFO [MorningStar] [my_client.py (client:39] -- Sending img ...
2024-08-07 10:47:52,297 INFO [MorningStar] [my_client.py (client:44] -- Sending img done ...
2024-08-07 10:47:52,389 INFO [MorningStar] [my_client.py (start_listen:65] -- Getting result img_pedestrian_34.jpg...
2024-08-07 10:47:52,392 INFO [MorningStar] [my_client.py (operation:103] -- Continue...
2024-08-07 10:47:52,693 INFO [MorningStar] [my_client.py (operation:95] -- reading img of ../data/pedestrian_35.jpg
2024-08-07 10:47:52,699 INFO [MorningStar] [my_client.py (client:39] -- Sending img ...
2024-08-07 10:47:52,700 INFO [MorningStar] [my_client.py (client:44] -- Sending img done ...
2024-08-07 10:47:52,765 INFO [MorningStar] [my_client.py (start_listen:65] -- Getting result img_pedestrian_35.jpg...
2024-08-07 10:47:52,768 INFO [MorningStar] [my_client.py (operation:103] -- Continue...
2024-08-07 10:47:53,116 INFO [MorningStar] [my_client.py (operation:95] -- reading img of ../data/pedestrian_36.jpg
2024-08-07 10:47:53,130 INFO [MorningStar] [my_client.py (client:39] -- Sending img ...
2024-08-07 10:47:53,132 INFO [MorningStar] [my_client.py (client:44] -- Sending img done ...
2024-08-07 10:47:53,242 INFO [MorningStar] [my_client.py (start_listen:65] -- Getting result img_pedestrian_36.jpg...
2024-08-07 10:47:53,248 INFO [MorningStar] [my_client.py (operation:103] -- Continue...
2024-08-07 10:47:53,554 INFO [MorningStar] [my_client.py (operation:95] -- reading img of ../data/pedestrian_37.jpg
2024-08-07 10:47:53,566 INFO [MorningStar] [my_client.py (client:39] -- Sending img ...
2024-08-07 10:47:53,568 INFO [MorningStar] [my_client.py (client:44] -- Sending img done ...
2024-08-07 10:47:53,679 INFO [MorningStar] [my_client.py (start_listen:65] -- Getting result img_pedestrian_37.jpg...
2024-08-07 10:47:53,686 INFO [MorningStar] [my_client.py (operation:103] -- Continue...
2024-08-07 10:47:53,976 INFO [MorningStar] [my_client.py (operation:95] -- reading img of ../data/pedestrian_38.jpg
2024-08-07 10:47:53,988 INFO [MorningStar] [my_client.py (client:39] -- Sending img ...
2024-08-07 10:47:53,989 INFO [MorningStar] [my_client.py (client:44] -- Sending img done ...
2024-08-07 10:47:54,123 INFO [MorningStar] [my_client.py (start_listen:65] -- Getting result img_pedestrian_38.jpg...
2024-08-07 10:47:54,128 INFO [MorningStar] [my_client.py (operation:103] -- Continue...
2024-08-07 10:47:54,396 INFO [MorningStar] [my_client.py (operation:95] -- reading img of ../data/pedestrian_39.jpg
2024-08-07 10:47:54,401 INFO [MorningStar] [my_client.py (client:39] -- Sending img ...
2024-08-07 10:47:54,402 INFO [MorningStar] [my_client.py (client:44] -- Sending img done ...
2024-08-07 10:47:54,494 INFO [MorningStar] [my_client.py (start_listen:65] -- Getting result img_pedestrian_39.jpg...
2024-08-07 10:47:54,501 INFO [MorningStar] [my_client.py (operation:103] -- Continue...
2024-08-07 10:47:54,796 INFO [MorningStar] [my_client.py (operation:95] -- reading img of ../data/pedestrian_40.jpg
2024-08-07 10:47:54,801 INFO [MorningStar] [my_client.py (client:39] -- Sending img ...
2024-08-07 10:47:54,802 INFO [MorningStar] [my_client.py (client:44] -- Sending img done ...
2024-08-07 10:47:54,895 INFO [MorningStar] [my_client.py (start_listen:65] -- Getting result img_pedestrian_40.jpg...
2024-08-07 10:47:54,901 INFO [MorningStar] [my_client.py (operation:103] -- Continue...
2024-08-07 10:47:55,246 INFO [MorningStar] [my_client.py (operation:95] -- reading img of ../data/pedestrian_41.jpg
2024-08-07 10:47:55,257 INFO [MorningStar] [my_client.py (client:39] -- Sending img ...
2024-08-07 10:47:55,260 INFO [MorningStar] [my_client.py (client:44] -- Sending img done ...
2024-08-07 10:47:55,395 INFO [MorningStar] [my_client.py (start_listen:65] -- Getting result img_pedestrian_41.jpg...
2024-08-07 10:47:55,480 INFO [MorningStar] [my_client.py (operation:103] -- Continue...
2024-08-07 10:47:55,678 INFO [MorningStar] [my_client.py (operation:95] -- reading img of ../data/pedestrian_42.jpg
2024-08-07 10:47:55,691 INFO [MorningStar] [my_client.py (client:39] -- Sending img ...
2024-08-07 10:47:55,693 INFO [MorningStar] [my_client.py (client:44] -- Sending img done ...
2024-08-07 10:47:55,809 INFO [MorningStar] [my_client.py (start_listen:65] -- Getting result img_pedestrian_42.jpg...
2024-08-07 10:47:55,815 INFO [MorningStar] [my_client.py (operation:103] -- Continue...
2024-08-07 10:47:56,099 INFO [MorningStar] [my_client.py (operation:95] -- reading img of ../data/pedestrian_43.jpg
2024-08-07 10:47:56,103 INFO [MorningStar] [my_client.py (client:39] -- Sending img ...
2024-08-07 10:47:56,104 INFO [MorningStar] [my_client.py (client:44] -- Sending img done ...
2024-08-07 10:47:56,208 INFO [MorningStar] [my_client.py (start_listen:65] -- Getting result img_pedestrian_43.jpg...
2024-08-07 10:47:56,216 INFO [MorningStar] [my_client.py (operation:103] -- Continue...
2024-08-07 10:47:56,519 INFO [MorningStar] [my_client.py (operation:95] -- reading img of ../data/pedestrian_44.jpg
2024-08-07 10:47:56,526 INFO [MorningStar] [my_client.py (client:39] -- Sending img ...
2024-08-07 10:47:56,527 INFO [MorningStar] [my_client.py (client:44] -- Sending img done ...
2024-08-07 10:47:56,633 INFO [MorningStar] [my_client.py (start_listen:65] -- Getting result img_pedestrian_44.jpg...
2024-08-07 10:47:56,640 INFO [MorningStar] [my_client.py (operation:103] -- Continue...
2024-08-07 10:47:56,752 INFO [MorningStar] [my_client.py (operation:95] -- reading img of ../data/pedestrian_45.jpg
2024-08-07 10:47:56,752 INFO [MorningStar] [my_client.py (operation:97] -- Skipping this invalid images
2024-08-07 10:47:56,757 INFO [MorningStar] [my_client.py (operation:98] -- Continue...
2024-08-07 10:47:57,537 INFO [MorningStar] [my_client.py (operation:95] -- reading img of ../data/pedestrian_46.jpg
2024-08-07 10:47:57,538 INFO [MorningStar] [my_client.py (operation:97] -- Skipping this invalid images
2024-08-07 10:47:57,539 INFO [MorningStar] [my_client.py (operation:98] -- Continue...
2024-08-07 10:47:57,806 INFO [MorningStar] [my_client.py (operation:95] -- reading img of ../data/pedestrian_47.jpg
2024-08-07 10:47:57,807 INFO [MorningStar] [my_client.py (operation:97] -- Skipping this invalid images
2024-08-07 10:47:57,808 INFO [MorningStar] [my_client.py (operation:98] -- Continue...
2024-08-07 10:47:58,216 INFO [MorningStar] [my_client.py (operation:95] -- reading img of ../data/pedestrian_48.jpg
2024-08-07 10:47:58,217 INFO [MorningStar] [my_client.py (operation:97] -- Skipping this invalid images
2024-08-07 10:47:58,218 INFO [MorningStar] [my_client.py (operation:98] -- Continue...
2024-08-07 10:47:58,486 INFO [MorningStar] [my_client.py (operation:95] -- reading img of ../data/pedestrian_49.jpg
2024-08-07 10:47:58,487 INFO [MorningStar] [my_client.py (operation:97] -- Skipping this invalid images
2024-08-07 10:47:58,488 INFO [MorningStar] [my_client.py (operation:98] -- Continue...
2024-08-07 10:47:58,736 INFO [MorningStar] [my_client.py (operation:95] -- reading img of ../data/pedestrian_50.jpg
2024-08-07 10:47:58,737 INFO [MorningStar] [my_client.py (operation:97] -- Skipping this invalid images
2024-08-07 10:47:58,738 INFO [MorningStar] [my_client.py (operation:98] -- Continue...
2024-08-07 10:47:59,007 INFO [MorningStar] [my_client.py (operation:95] -- reading img of ../data/pedestrian_51.jpg
2024-08-07 10:47:59,007 INFO [MorningStar] [my_client.py (operation:97] -- Skipping this invalid images
2024-08-07 10:47:59,008 INFO [MorningStar] [my_client.py (operation:98] -- Continue...
2024-08-07 10:47:59,250 INFO [MorningStar] [my_client.py (operation:95] -- reading img of ../data/pedestrian_52.jpg
2024-08-07 10:47:59,251 INFO [MorningStar] [my_client.py (operation:97] -- Skipping this invalid images
2024-08-07 10:47:59,251 INFO [MorningStar] [my_client.py (operation:98] -- Continue...
2024-08-07 10:48:00,076 INFO [MorningStar] [my_client.py (operation:95] -- reading img of ../data/pedestrian_53.jpg
2024-08-07 10:48:00,077 INFO [MorningStar] [my_client.py (operation:97] -- Skipping this invalid images
2024-08-07 10:48:00,078 INFO [MorningStar] [my_client.py (operation:98] -- Continue...
2024-08-07 10:48:00,346 INFO [MorningStar] [my_client.py (operation:95] -- reading img of ../data/pedestrian_54.jpg
2024-08-07 10:48:00,347 INFO [MorningStar] [my_client.py (operation:97] -- Skipping this invalid images
2024-08-07 10:48:00,348 INFO [MorningStar] [my_client.py (operation:98] -- Continue...
2024-08-07 10:48:00,636 INFO [MorningStar] [my_client.py (operation:95] -- reading img of ../data/pedestrian_55.jpg
2024-08-07 10:48:00,638 INFO [MorningStar] [my_client.py (operation:97] -- Skipping this invalid images
2024-08-07 10:48:00,639 INFO [MorningStar] [my_client.py (operation:98] -- Continue...
2024-08-07 10:48:30,395 INFO [MorningStar] [my_client.py (operation:92] -- Finish...
